# JRE version: OpenJDK Runtime Environment (11.0.2+9) (build 11.0.2+9)
# Java VM: OpenJDK 64-Bit Server VM (11.0.2+9, mixed mode, tiered, compressed oops, g1 gc, windows-amd64)
Heap:
 garbage-first heap   total 269312K, used 123342K [0x0000000740000000, 0x0000000800000000)
  region size 1024K, 24 young (24576K), 0 survivors (0K)
 Metaspace       used 96622K, capacity 99317K, committed 99464K, reserved 1134592K
  class space    used 13130K, capacity 14369K, committed 14464K, reserved 1048576K
GC Heap History (10 events):
Event: 408.027 GC heap before
{Heap before GC invocations=242 (full 114):
 garbage-first heap   total 269312K, used 107971K [0x0000000740000000, 0x0000000800000000)
  region size 1024K, 3 young (3072K), 0 survivors (0K)
 Metaspace       used 96607K, capacity 99317K, committed 99464K, reserved 1134592K
  class space    used 13130K, capacity 14369K, committed 14464K, reserved 1048576K
}
Event: 408.075 GC heap after
{Heap after GC invocations=243 (full 115):
 garbage-first heap   total 269312K, used 99770K [0x0000000740000000, 0x0000000800000000)
  region size 1024K, 0 young (0K), 0 survivors (0K)
 Metaspace       used 96607K, capacity 99317K, committed 99464K, reserved 1134592K
  class space    used 13130K, capacity 14369K, committed 14464K, reserved 1048576K
}
Event: 408.321 GC heap before
{Heap before GC invocations=243 (full 115):
 garbage-first heap   total 269312K, used 107962K [0x0000000740000000, 0x0000000800000000)
  region size 1024K, 3 young (3072K), 0 survivors (0K)
 Metaspace       used 96609K, capacity 99317K, committed 99464K, reserved 1134592K
  class space    used 13130K, capacity 14369K, committed 14464K, reserved 1048576K
}
Event: 408.372 GC heap after
{Heap after GC invocations=244 (full 116):
 garbage-first heap   total 269312K, used 99783K [0x0000000740000000, 0x0000000800000000)
  region size 1024K, 0 young (0K), 0 survivors (0K)
 Metaspace       used 96609K, capacity 99317K, committed 99464K, reserved 1134592K
  class space    used 13130K, capacity 14369K, committed 14464K, reserved 1048576K
}
Event: 408.738 GC heap before
{Heap before GC invocations=244 (full 116):
 garbage-first heap   total 269312K, used 101831K [0x0000000740000000, 0x0000000800000000)
  region size 1024K, 3 young (3072K), 0 survivors (0K)
 Metaspace       used 96609K, capacity 99317K, committed 99464K, reserved 1134592K
  class space    used 13130K, capacity 14369K, committed 14464K, reserved 1048576K
}
Event: 408.790 GC heap after
{Heap after GC invocations=245 (full 117):
 garbage-first heap   total 269312K, used 99763K [0x0000000740000000, 0x0000000800000000)
  region size 1024K, 0 young (0K), 0 survivors (0K)
 Metaspace       used 96609K, capacity 99317K, committed 99464K, reserved 1134592K
  class space    used 13130K, capacity 14369K, committed 14464K, reserved 1048576K
}
Event: 409.034 GC heap before
{Heap before GC invocations=245 (full 117):
 garbage-first heap   total 269312K, used 100787K [0x0000000740000000, 0x0000000800000000)
  region size 1024K, 2 young (2048K), 0 survivors (0K)
 Metaspace       used 96619K, capacity 99317K, committed 99464K, reserved 1134592K
  class space    used 13130K, capacity 14369K, committed 14464K, reserved 1048576K
}
Event: 409.088 GC heap after
{Heap after GC invocations=246 (full 118):
 garbage-first heap   total 269312K, used 99771K [0x0000000740000000, 0x0000000800000000)
  region size 1024K, 0 young (0K), 0 survivors (0K)
 Metaspace       used 96619K, capacity 99317K, committed 99464K, reserved 1134592K
  class space    used 13130K, capacity 14369K, committed 14464K, reserved 1048576K
}
Event: 412.471 GC heap before
{Heap before GC invocations=246 (full 118):
 garbage-first heap   total 269312K, used 126395K [0x0000000740000000, 0x0000000800000000)
  region size 1024K, 15 young (15360K), 0 survivors (0K)
 Metaspace       used 96619K, capacity 99317K, committed 99464K, reserved 1134592K
  class space    used 13130K, capacity 14369K, committed 14464K, reserved 1048576K
}
Event: 412.543 GC heap after
{Heap after GC invocations=247 (full 119):
 garbage-first heap   total 269312K, used 99790K [0x0000000740000000, 0x0000000800000000)
  region size 1024K, 0 young (0K), 0 survivors (0K)
 Metaspace       used 96619K, capacity 99317K, committed 99464K, reserved 1134592K
  class space    used 13130K, capacity 14369K, committed 14464K, reserved 1048576K
}

