# JRE version: OpenJDK Runtime Environment (11.0.2+9) (build 11.0.2+9)
# Java VM: OpenJDK 64-Bit Server VM (11.0.2+9, mixed mode, tiered, compressed oops, g1 gc, windows-amd64)
Heap:
 garbage-first heap   total 266240K, used 126020K [0x0000000740000000, 0x0000000800000000)
  region size 1024K, 30 young (30720K), 1 survivors (1024K)
 Metaspace       used 108623K, capacity 109839K, committed 114184K, reserved 1146880K
  class space    used 14619K, capacity 15098K, committed 16640K, reserved 1048576K
GC Heap History (10 events):
Event: 10971.853 GC heap before
{Heap before GC invocations=930 (full 254):
 garbage-first heap   total 266240K, used 131430K [0x0000000740000000, 0x0000000800000000)
  region size 1024K, 35 young (35840K), 0 survivors (0K)
 Metaspace       used 108610K, capacity 109839K, committed 114184K, reserved 1146880K
  class space    used 14619K, capacity 15098K, committed 16640K, reserved 1048576K
}
Event: 10971.930 GC heap after
{Heap after GC invocations=931 (full 255):
 garbage-first heap   total 266240K, used 96637K [0x0000000740000000, 0x0000000800000000)
  region size 1024K, 0 young (0K), 0 survivors (0K)
 Metaspace       used 108610K, capacity 109839K, committed 114184K, reserved 1146880K
  class space    used 14619K, capacity 15098K, committed 16640K, reserved 1048576K
}
Event: 10972.212 GC heap before
{Heap before GC invocations=931 (full 255):
 garbage-first heap   total 266240K, used 98685K [0x0000000740000000, 0x0000000800000000)
  region size 1024K, 3 young (3072K), 0 survivors (0K)
 Metaspace       used 108610K, capacity 109839K, committed 114184K, reserved 1146880K
  class space    used 14619K, capacity 15098K, committed 16640K, reserved 1048576K
}
Event: 10972.287 GC heap after
{Heap after GC invocations=932 (full 256):
 garbage-first heap   total 266240K, used 96512K [0x0000000740000000, 0x0000000800000000)
  region size 1024K, 0 young (0K), 0 survivors (0K)
 Metaspace       used 108610K, capacity 109839K, committed 114184K, reserved 1146880K
  class space    used 14619K, capacity 15098K, committed 16640K, reserved 1048576K
}
Event: 10973.359 GC heap before
{Heap before GC invocations=932 (full 256):
 garbage-first heap   total 266240K, used 111872K [0x0000000740000000, 0x0000000800000000)
  region size 1024K, 4 young (4096K), 0 survivors (0K)
 Metaspace       used 108610K, capacity 109839K, committed 114184K, reserved 1146880K
  class space    used 14619K, capacity 15098K, committed 16640K, reserved 1048576K
}
Event: 10973.441 GC heap after
{Heap after GC invocations=933 (full 257):
 garbage-first heap   total 266240K, used 96532K [0x0000000740000000, 0x0000000800000000)
  region size 1024K, 0 young (0K), 0 survivors (0K)
 Metaspace       used 108610K, capacity 109839K, committed 114184K, reserved 1146880K
  class space    used 14619K, capacity 15098K, committed 16640K, reserved 1048576K
}
Event: 11036.182 GC heap before
{Heap before GC invocations=933 (full 257):
 garbage-first heap   total 266240K, used 157972K [0x0000000740000000, 0x0000000800000000)
  region size 1024K, 60 young (61440K), 0 survivors (0K)
 Metaspace       used 108610K, capacity 109839K, committed 114184K, reserved 1146880K
  class space    used 14619K, capacity 15098K, committed 16640K, reserved 1048576K
}
Event: 11036.184 GC heap after
{Heap after GC invocations=934 (full 257):
 garbage-first heap   total 266240K, used 96971K [0x0000000740000000, 0x0000000800000000)
  region size 1024K, 1 young (1024K), 1 survivors (1024K)
 Metaspace       used 108610K, capacity 109839K, committed 114184K, reserved 1146880K
  class space    used 14619K, capacity 15098K, committed 16640K, reserved 1048576K
}
Event: 11039.840 GC heap before
{Heap before GC invocations=934 (full 257):
 garbage-first heap   total 266240K, used 157387K [0x0000000740000000, 0x0000000800000000)
  region size 1024K, 60 young (61440K), 1 survivors (1024K)
 Metaspace       used 108615K, capacity 109839K, committed 114184K, reserved 1146880K
  class space    used 14619K, capacity 15098K, committed 16640K, reserved 1048576K
}
Event: 11039.841 GC heap after
{Heap after GC invocations=935 (full 257):
 garbage-first heap   total 266240K, used 97348K [0x0000000740000000, 0x0000000800000000)
  region size 1024K, 1 young (1024K), 1 survivors (1024K)
 Metaspace       used 108615K, capacity 109839K, committed 114184K, reserved 1146880K
  class space    used 14619K, capacity 15098K, committed 16640K, reserved 1048576K
}

